#
# There is insufficient memory for the Java Runtime Environment to continue.
# Native memory allocation (mmap) failed to map 268435456 bytes for G1 virtual space
# Possible reasons:
#   The system is out of physical RAM or swap space
#   The process is running with CompressedOops enabled, and the Java Heap may be blocking the growth of the native heap
# Possible solutions:
#   Reduce memory load on the system
#   Increase physical memory or swap space
#   Check if swap backing store is full
#   Decrease Java heap size (-Xmx/-Xms)
#   Decrease number of Java threads
#   Decrease Java thread stack sizes (-Xss)
#   Set larger code cache with -XX:ReservedCodeCacheSize=
#   JVM is running with Zero Based Compressed Oops mode in which the Java heap is
#     placed in the first 32GB address space. The Java Heap base address is the
#     maximum limit for the native heap growth. Please use -XX:HeapBaseMinAddress
#     to set the Java Heap base and to place the Java Heap above 32GB virtual address.
# This output file may be truncated or incomplete.
#
#  Out of Memory Error (os_windows.cpp:3613), pid=19680, tid=19812
#
# JRE version:  (17.0.10+7) (build )
# Java VM: OpenJDK 64-Bit Server VM (17.0.10+7-LTS, mixed mode, sharing, tiered, compressed oops, compressed class ptrs, g1 gc, windows-amd64)
# No core dump will be written. Minidumps are not enabled by default on client versions of Windows
#

---------------  S U M M A R Y ------------

Command Line: C:\Users\singl\AppData\Local\Temp\surefire12412285157430784371\surefirebooter-20240711184502386_3.jar C:\Users\singl\AppData\Local\Temp\surefire12412285157430784371 2024-07-11T18-45-02_319-jvmRun1 surefire-20240711184502386_1tmp surefire_0-20240711184502386_2tmp

Host: AMD Ryzen 5 5600 6-Core Processor              , 12 cores, 15G,  Windows 10 , 64 bit Build 19041 (10.0.19041.3636)
Time: Thu Jul 11 18:45:02 2024 RTZ 2 (s 10 , 64 bit Build 19041 (10.0.19041.3636) elapsed time: 0.006826 seconds (0d 0h 0m 0s)

---------------  T H R E A D  ---------------

Current thread (0x0000027510d2eb10):  JavaThread "Unknown thread" [_thread_in_vm, id=19812, stack(0x0000007cb5300000,0x0000007cb5400000)]

Stack: [0x0000007cb5300000,0x0000007cb5400000]
Native frames: (J=compiled Java code, j=interpreted, Vv=VM code, C=native code)
V  [jvm.dll+0x67d2c9]
V  [jvm.dll+0x834b1a]
V  [jvm.dll+0x8365de]
V  [jvm.dll+0x836c43]
V  [jvm.dll+0x2477ff]
V  [jvm.dll+0x67a109]
V  [jvm.dll+0x66eb7a]
V  [jvm.dll+0x30764b]
V  [jvm.dll+0x30eaf6]
V  [jvm.dll+0x35e83e]
V  [jvm.dll+0x35ea6f]
V  [jvm.dll+0x2de248]
V  [jvm.dll+0x2df1b4]
V  [jvm.dll+0x806381]
V  [jvm.dll+0x36c6f1]
V  [jvm.dll+0x7e4e26]
V  [jvm.dll+0x3eff3f]
V  [jvm.dll+0x3f1b71]
C  [jli.dll+0x528f]
C  [ucrtbase.dll+0x21bb2]
C  [KERNEL32.DLL+0x17344]
C  [ntdll.dll+0x4cc91]


---------------  P R O C E S S  ---------------

Threads class SMR info:
_java_thread_list=0x00007ffabb0dee98, length=0, elements={
}

Java Threads: ( => current thread )

Other Threads:
  0x0000027510d9b280 GCTaskThread "GC Thread#0" [stack: 0x0000007cb5400000,0x0000007cb5500000] [id=8252]
  0x0000027510dac840 ConcurrentGCThread "G1 Main Marker" [stack: 0x0000007cb5500000,0x0000007cb5600000] [id=14888]
  0x0000027510dad870 ConcurrentGCThread "G1 Conc#0" [stack: 0x0000007cb5600000,0x0000007cb5700000] [id=19752]

[error occurred during error reporting (printing all threads), id 0xc0000005, EXCEPTION_ACCESS_VIOLATION (0xc0000005) at pc=0x00007ffaba89ec87]

VM state: not at safepoint (not fully initialized)

VM Mutex/Monitor currently owned by a thread:  ([mutex/lock_event])
[0x0000027510d2a930] Heap_lock - owner thread: 0x0000027510d2eb10

Heap address: 0x0000000701200000, size: 4078 MB, Compressed Oops mode: Zero based, Oop shift amount: 3

CDS archive(s) mapped at: [0x0000000000000000-0x0000000000000000-0x0000000000000000), size 0, SharedBaseAddress: 0x0000000800000000, ArchiveRelocationMode: 1.
Narrow klass base: 0x0000000000000000, Narrow klass shift: 0, Narrow klass range: 0x0

GC Precious Log:
<Empty>

Heap:
 garbage-first heap   total 0K, used 0K [0x0000000701200000, 0x0000000800000000)
  region size 2048K, 0 young (0K), 0 survivors (0K)

[error occurred during error reporting (printing heap information), id 0xc0000005, EXCEPTION_ACCESS_VIOLATION (0xc0000005) at pc=0x00007ffabac86fb9]

GC Heap History (0 events):
No events

Dll operation events (1 events):
Event: 0.004 Loaded shared library C:\Users\singl\.jdks\corretto-17.0.10\bin\java.dll

Deoptimization events (0 events):
No events

Classes unloaded (0 events):
No events

Classes redefined (0 events):
No events

Internal exceptions (0 events):
No events

VM Operations (0 events):
No events

Events (0 events):
No events


Dynamic libraries:
0x00007ff733ed0000 - 0x00007ff733ede000 	C:\Users\singl\.jdks\corretto-17.0.10\bin\java.exe
0x00007ffb3e170000 - 0x00007ffb3e368000 	C:\Windows\SYSTEM32\ntdll.dll
0x00007ffb3d7e0000 - 0x00007ffb3d89d000 	C:\Windows\System32\KERNEL32.DLL
0x00007ffb3bd80000 - 0x00007ffb3c076000 	C:\Windows\System32\KERNELBASE.dll
0x00007ffb3b830000 - 0x00007ffb3b930000 	C:\Windows\System32\ucrtbase.dll
0x00007ffb15d00000 - 0x00007ffb15d1b000 	C:\Users\singl\.jdks\corretto-17.0.10\bin\VCRUNTIME140.dll
0x00007ffb15d20000 - 0x00007ffb15d37000 	C:\Users\singl\.jdks\corretto-17.0.10\bin\jli.dll
0x00007ffb3dde0000 - 0x00007ffb3df7f000 	C:\Windows\System32\USER32.dll
0x00007ffb2e5e0000 - 0x00007ffb2e87a000 	C:\Windows\WinSxS\amd64_microsoft.windows.common-controls_6595b64144ccf1df_6.0.19041.4355_none_60b8b9eb71f62e16\COMCTL32.dll
0x00007ffb3bd50000 - 0x00007ffb3bd72000 	C:\Windows\System32\win32u.dll
0x00007ffb3c1b0000 - 0x00007ffb3c24e000 	C:\Windows\System32\msvcrt.dll
0x00007ffb3cb00000 - 0x00007ffb3cb2b000 	C:\Windows\System32\GDI32.dll
0x00007ffb3b980000 - 0x00007ffb3ba97000 	C:\Windows\System32\gdi32full.dll
0x00007ffb3bc00000 - 0x00007ffb3bc9d000 	C:\Windows\System32\msvcp_win.dll
0x00007ffb3cb30000 - 0x00007ffb3cb5f000 	C:\Windows\System32\IMM32.DLL
0x00007ffb206a0000 - 0x00007ffb206ac000 	C:\Users\singl\.jdks\corretto-17.0.10\bin\vcruntime140_1.dll
0x00007ffb0aba0000 - 0x00007ffb0ac2d000 	C:\Users\singl\.jdks\corretto-17.0.10\bin\msvcp140.dll
0x00007ffaba5b0000 - 0x00007ffabb212000 	C:\Users\singl\.jdks\corretto-17.0.10\bin\server\jvm.dll
0x00007ffb3d8a0000 - 0x00007ffb3d950000 	C:\Windows\System32\ADVAPI32.dll
0x00007ffb3dc60000 - 0x00007ffb3dd00000 	C:\Windows\System32\sechost.dll
0x00007ffb3cdf0000 - 0x00007ffb3cf13000 	C:\Windows\System32\RPCRT4.dll
0x00007ffb3c180000 - 0x00007ffb3c1a7000 	C:\Windows\System32\bcrypt.dll
0x00007ffb38e70000 - 0x00007ffb38e79000 	C:\Windows\SYSTEM32\WSOCK32.dll
0x00007ffb3ad70000 - 0x00007ffb3adbb000 	C:\Windows\SYSTEM32\POWRPROF.dll
0x00007ffb3ca90000 - 0x00007ffb3cafb000 	C:\Windows\System32\WS2_32.dll
0x00007ffb2d320000 - 0x00007ffb2d347000 	C:\Windows\SYSTEM32\WINMM.dll
0x00007ffb33590000 - 0x00007ffb3359a000 	C:\Windows\SYSTEM32\VERSION.dll
0x00007ffb3abe0000 - 0x00007ffb3abf2000 	C:\Windows\SYSTEM32\UMPDC.dll
0x00007ffb39690000 - 0x00007ffb396a2000 	C:\Windows\SYSTEM32\kernel.appcore.dll
0x00007ffb20390000 - 0x00007ffb2039a000 	C:\Users\singl\.jdks\corretto-17.0.10\bin\jimage.dll
0x00007ffb2b490000 - 0x00007ffb2b674000 	C:\Windows\SYSTEM32\DBGHELP.DLL
0x00007ffb1ca60000 - 0x00007ffb1ca94000 	C:\Windows\SYSTEM32\dbgcore.DLL
0x00007ffb3c0f0000 - 0x00007ffb3c172000 	C:\Windows\System32\bcryptPrimitives.dll
0x00007ffb13a80000 - 0x00007ffb13aa5000 	C:\Users\singl\.jdks\corretto-17.0.10\bin\java.dll

dbghelp: loaded successfully - version: 4.0.5 - missing functions: none
symbol engine: initialized successfully - sym options: 0x614 - pdb path: .;C:\Users\singl\.jdks\corretto-17.0.10\bin;C:\Windows\SYSTEM32;C:\Windows\WinSxS\amd64_microsoft.windows.common-controls_6595b64144ccf1df_6.0.19041.4355_none_60b8b9eb71f62e16;C:\Users\singl\.jdks\corretto-17.0.10\bin\server

VM Arguments:
java_command: C:\Users\singl\AppData\Local\Temp\surefire12412285157430784371\surefirebooter-20240711184502386_3.jar C:\Users\singl\AppData\Local\Temp\surefire12412285157430784371 2024-07-11T18-45-02_319-jvmRun1 surefire-20240711184502386_1tmp surefire_0-20240711184502386_2tmp
java_class_path (initial): C:\Users\singl\AppData\Local\Temp\surefire12412285157430784371\surefirebooter-20240711184502386_3.jar
Launcher Type: SUN_STANDARD

[Global flags]
     intx CICompilerCount                          = 4                                         {product} {ergonomic}
     uint ConcGCThreads                            = 3                                         {product} {ergonomic}
     uint G1ConcRefinementThreads                  = 10                                        {product} {ergonomic}
   size_t G1HeapRegionSize                         = 2097152                                   {product} {ergonomic}
    uintx GCDrainStackTargetSize                   = 64                                        {product} {ergonomic}
   size_t InitialHeapSize                          = 268435456                                 {product} {ergonomic}
   size_t MarkStackSize                            = 4194304                                   {product} {ergonomic}
   size_t MaxHeapSize                              = 4276092928                                {product} {ergonomic}
   size_t MinHeapDeltaBytes                        = 2097152                                   {product} {ergonomic}
   size_t MinHeapSize                              = 8388608                                   {product} {ergonomic}
    uintx NonNMethodCodeHeapSize                   = 5839372                                {pd product} {ergonomic}
    uintx NonProfiledCodeHeapSize                  = 122909434                              {pd product} {ergonomic}
    uintx ProfiledCodeHeapSize                     = 122909434                              {pd product} {ergonomic}
    uintx ReservedCodeCacheSize                    = 251658240                              {pd product} {ergonomic}
     bool SegmentedCodeCache                       = true                                      {product} {ergonomic}
   size_t SoftMaxHeapSize                          = 4276092928                             {manageable} {ergonomic}
     bool UseCompressedClassPointers               = true                           {product lp64_product} {ergonomic}
     bool UseCompressedOops                        = true                           {product lp64_product} {ergonomic}
     bool UseG1GC                                  = true                                      {product} {ergonomic}
     bool UseLargePagesIndividualAllocation        = false                                  {pd product} {ergonomic}

Logging:
Log output configuration:
 #0: stdout all=warning uptime,level,tags
 #1: stderr all=off uptime,level,tags

Environment Variables:
PATH=C:\Windows\system32;C:\Windows;C:\Windows\System32\Wbem;C:\Windows\System32\WindowsPowerShell\v1.0\;C:\Windows\System32\OpenSSH\;C:\Program Files\Git\cmd;C:\Program Files\NVIDIA Corporation\NVIDIA NvDLISR;C:\Program Files (x86)\NVIDIA Corporation\PhysX\Common;C:\Program Files\Docker\Docker\resources\bin;C:\Users\singl\AppData\Roaming\nvm;C:\Program Files\nodejs;C:\Program Files\PuTTY\;C:\Users\singl\AppData\Local\Programs\Python\Python311\Scripts\;C:\Users\singl\AppData\Local\Programs\Python\Python311\;C:\Users\singl\AppData\Local\Microsoft\WindowsApps;C:\Program Files\JetBrains\IntelliJ IDEA 2023.3.4\bin;;C:\Program Files\JetBrains\PyCharm Community Edition 2023.3.4\bin;;C:\Users\singl\AppData\Local\Programs\Microsoft VS Code\bin;C:\Program Files\JetBrains\WebStorm 2024.1.2\bin;;C:\Users\singl\AppData\Roaming\nvm;C:\Program Files\nodejs;C:\Program Files\JetBrains\PyCharm 2024.1.1\bin;
USERNAME=singl
OS=Windows_NT
PROCESSOR_IDENTIFIER=AMD64 Family 25 Model 33 Stepping 2, AuthenticAMD
TMP=C:\Users\singl\AppData\Local\Temp
TEMP=C:\Users\singl\AppData\Local\Temp



Periodic native trim disabled


---------------  S Y S T E M  ---------------

OS:
 Windows 10 , 64 bit Build 19041 (10.0.19041.3636)
OS uptime: 0 days 4:33 hours
Hyper-V role detected

CPU: total 12 (initial active 12) (12 cores per cpu, 2 threads per core) family 25 model 33 stepping 2 microcode 0x0, cx8, cmov, fxsr, ht, mmx, 3dnowpref, sse, sse2, sse3, ssse3, sse4a, sse4.1, sse4.2, popcnt, lzcnt, tsc, tscinvbit, avx, avx2, aes, clmul, bmi1, bmi2, adx, sha, fma, vzeroupper, clflush, clflushopt, hv
Processor Information for all 12 processors :
  Max Mhz: 3501, Current Mhz: 3501, Mhz Limit: 3501

Memory: 4k page, system-wide physical 16307M (342M free)
TotalPageFile size 24499M (AvailPageFile size 83M)
current process WorkingSet (physical memory assigned to process): 10M, peak: 10M
current process commit charge ("private bytes"): 64M, peak: 320M

vm_info: OpenJDK 64-Bit Server VM (17.0.10+7-LTS) for windows-amd64 JRE (17.0.10+7-LTS), built on Jan 10 2024 22:11:07 by "Administrator" with MS VC++ 16.10 / 16.11 (VS2019)

END.
